c:\dev\basicrenderer\binaries\inter\win32\debug\vc143.pdb
c:\dev\basicrenderer\binaries\inter\win32\debug\vc143.idb
c:\dev\basicrenderer\binaries\inter\win32\debug\ibo.obj
c:\dev\basicrenderer\binaries\inter\win32\debug\graphics_core.obj
c:\dev\basicrenderer\binaries\inter\win32\debug\camera.obj
c:\dev\basicrenderer\binaries\inter\win32\debug\main.obj
c:\dev\basicrenderer\binaries\inter\win32\debug\model.obj
c:\dev\basicrenderer\binaries\inter\win32\debug\light.obj
c:\dev\basicrenderer\binaries\inter\win32\debug\lightmanager.obj
c:\dev\basicrenderer\binaries\inter\win32\debug\renderer.obj
c:\dev\basicrenderer\binaries\inter\win32\debug\framebuffer.obj
c:\dev\basicrenderer\binaries\inter\win32\debug\material.obj
c:\dev\basicrenderer\binaries\inter\win32\debug\basicphongmaterial.obj
c:\dev\basicrenderer\binaries\inter\win32\debug\pointlight.obj
c:\dev\basicrenderer\binaries\inter\win32\debug\directionallight.obj
c:\dev\basicrenderer\binaries\inter\win32\debug\cubemaptexture.obj
c:\dev\basicrenderer\binaries\inter\win32\debug\skyboxmesh.obj
c:\dev\basicrenderer\binaries\inter\win32\debug\instancedmesh.obj
c:\dev\basicrenderer\binaries\inter\win32\debug\sceneobject.obj
c:\dev\basicrenderer\binaries\inter\win32\debug\skyboxmaterial.obj
c:\dev\basicrenderer\binaries\inter\win32\debug\scene.obj
c:\dev\basicrenderer\binaries\inter\win32\debug\physicalmaterial.obj
c:\dev\basicrenderer\binaries\inter\win32\debug\stb_image.obj
c:\dev\basicrenderer\binaries\inter\win32\debug\unlitbasicmaterial.obj
c:\dev\basicrenderer\binaries\inter\win32\debug\vignette.obj
c:\dev\basicrenderer\binaries\inter\win32\debug\vbo.obj
c:\dev\basicrenderer\binaries\inter\win32\debug\vao.obj
c:\dev\basicrenderer\binaries\inter\win32\debug\texture.obj
c:\dev\basicrenderer\binaries\inter\win32\debug\shader.obj
c:\dev\basicrenderer\binaries\inter\win32\debug\mesh.obj
c:\dev\basicrenderer\binaries\win32\debug\basicrenderer-core.exe
c:\dev\basicrenderer\binaries\inter\win32\debug\basicrenderer-core.ilk
c:\dev\basicrenderer\binaries\win32\debug\basicrenderer-core.pdb
c:\dev\basicrenderer\binaries\inter\win32\debug\basicrenderer-core.vcxproj.filelistabsolute.txt
c:\dev\basicrenderer\binaries\inter\win32\debug\basicren.9ad23a03.tlog\cl.command.1.tlog
c:\dev\basicrenderer\binaries\inter\win32\debug\basicren.9ad23a03.tlog\cl.read.1.tlog
c:\dev\basicrenderer\binaries\inter\win32\debug\basicren.9ad23a03.tlog\cl.write.1.tlog
c:\dev\basicrenderer\binaries\inter\win32\debug\basicren.9ad23a03.tlog\link.command.1.tlog
c:\dev\basicrenderer\binaries\inter\win32\debug\basicren.9ad23a03.tlog\link.read.1.tlog
c:\dev\basicrenderer\binaries\inter\win32\debug\basicren.9ad23a03.tlog\link.write.1.tlog
