  Renderer.cpp
C:\Dev\BasicRenderer\BasicRenderer-Core\src\Core\Camera.h(34,8): warning C4305: 'initializing': truncation from 'double' to 'float'
C:\Dev\BasicRenderer\BasicRenderer-Core\src\Core\Scene.h(44,1): warning C4305: 'initializing': truncation from 'double' to 'float'
C:\Dev\BasicRenderer\BasicRenderer-Core\src\Core\Renderer.cpp(216,22): warning C4244: 'initializing': conversion from 'double' to 'float', possible loss of data
C:\Dev\BasicRenderer\BasicRenderer-Core\src\Core\Renderer.cpp(265,34): warning C4244: '=': conversion from 'double' to 'float', possible loss of data
C:\Dev\BasicRenderer\BasicRenderer-Core\src\Core\Renderer.cpp(266,34): warning C4244: '=': conversion from 'double' to 'float', possible loss of data
C:\Dev\BasicRenderer\BasicRenderer-Core\src\Core\Renderer.cpp(270,17): warning C4244: 'initializing': conversion from 'double' to 'float', possible loss of data
C:\Dev\BasicRenderer\BasicRenderer-Core\src\Core\Renderer.cpp(271,17): warning C4244: 'initializing': conversion from 'double' to 'float', possible loss of data
C:\Dev\BasicRenderer\BasicRenderer-Core\src\Core\Renderer.cpp(273,33): warning C4244: '=': conversion from 'double' to 'float', possible loss of data
C:\Dev\BasicRenderer\BasicRenderer-Core\src\Core\Renderer.cpp(274,33): warning C4244: '=': conversion from 'double' to 'float', possible loss of data
C:\Dev\BasicRenderer\BasicRenderer-Core\src\Core\Renderer.cpp(410,24): warning C4018: '<': signed/unsigned mismatch
C:\Dev\BasicRenderer\BasicRenderer-Core\src\Core\Renderer.cpp(528,23): warning C4018: '<': signed/unsigned mismatch
C:\Dev\BasicRenderer\BasicRenderer-Core\src\Core\Renderer.cpp(672,28): warning C4244: '=': conversion from 'float' to 'unsigned int', possible loss of data
  UIManager.cpp
  main.h
C:\Dev\BasicRenderer\BasicRenderer-Core\src\Core\Camera.h(34,8): warning C4305: 'initializing': truncation from 'double' to 'float'
C:\Dev\BasicRenderer\BasicRenderer-Core\src\Core\Scene.h(44,1): warning C4305: 'initializing': truncation from 'double' to 'float'
C:\Dev\BasicRenderer\BasicRenderer-Core\src\main.h(84,30): warning C4244: 'argument': conversion from 'float' to 'T', possible loss of data
          with
          [
              T=glm::uint
          ]
C:\Dev\BasicRenderer\BasicRenderer-Core\src\main.h(145,87): warning C4305: 'argument': truncation from 'double' to 'float'
C:\Dev\BasicRenderer\BasicRenderer-Core\src\main.h(146,88): warning C4305: 'argument': truncation from 'double' to 'float'
  Generating Code...
C:\Dev\BasicRenderer\BasicRenderer-Core\src\Core\LightManager.h(93): warning C4715: 'LightManager::getLightModel': not all control paths return a value
  BasicRenderer-Core.vcxproj -> C:\Dev\BasicRenderer\binaries\Win32\Debug\BasicRenderer-Core.exe
