c:\dev\basicrenderer\basicrenderer-app\debug\vc142.pdb
c:\dev\basicrenderer\basicrenderer-app\debug\vc142.idb
c:\dev\basicrenderer\basicrenderer-app\debug\source.obj
c:\dev\basicrenderer\debug\basicrenderer-app.pdb
c:\dev\basicrenderer\basicrenderer-app\debug\basicren.18f8d9ea.tlog\cl.command.1.tlog
c:\dev\basicrenderer\basicrenderer-app\debug\basicren.18f8d9ea.tlog\cl.read.1.tlog
c:\dev\basicrenderer\basicrenderer-app\debug\basicren.18f8d9ea.tlog\cl.write.1.tlog
c:\dev\basicrenderer\basicrenderer-app\debug\basicren.18f8d9ea.tlog\link-cvtres.read.1.tlog
c:\dev\basicrenderer\basicrenderer-app\debug\basicren.18f8d9ea.tlog\link-cvtres.write.1.tlog
c:\dev\basicrenderer\basicrenderer-app\debug\basicren.18f8d9ea.tlog\link-rc.read.1.tlog
c:\dev\basicrenderer\basicrenderer-app\debug\basicren.18f8d9ea.tlog\link-rc.write.1.tlog
c:\dev\basicrenderer\basicrenderer-app\debug\basicren.18f8d9ea.tlog\link.8936-cvtres.read.1.tlog
c:\dev\basicrenderer\basicrenderer-app\debug\basicren.18f8d9ea.tlog\link.8936-cvtres.write.1.tlog
c:\dev\basicrenderer\basicrenderer-app\debug\basicren.18f8d9ea.tlog\link.8936-rc.read.1.tlog
c:\dev\basicrenderer\basicrenderer-app\debug\basicren.18f8d9ea.tlog\link.8936-rc.write.1.tlog
c:\dev\basicrenderer\basicrenderer-app\debug\basicren.18f8d9ea.tlog\link.8936.read.1.tlog
c:\dev\basicrenderer\basicrenderer-app\debug\basicren.18f8d9ea.tlog\link.8936.write.1.tlog
c:\dev\basicrenderer\basicrenderer-app\debug\basicren.18f8d9ea.tlog\link.command.1.tlog
c:\dev\basicrenderer\basicrenderer-app\debug\basicren.18f8d9ea.tlog\link.read.1.tlog
c:\dev\basicrenderer\basicrenderer-app\debug\basicren.18f8d9ea.tlog\link.write.1.tlog
